#
# A fatal error has been detected by the Java Runtime Environment:
#
#  Internal Error (javaCalls.cpp:62), pid=4056, tid=3948
#  guarantee(thread->is_Java_thread()) failed: crucial check - the VM thread cannot and must not escape to Java code
#
# JRE version: Java(TM) SE Runtime Environment (7.0_79-b15) (build 1.7.0_79-b15)
# Java VM: Java HotSpot(TM) Client VM (24.79-b02 mixed mode windows-x86 )
# Failed to write core dump. Minidumps are not enabled by default on client versions of Windows
#
# If you would like to submit a bug report, please visit:
#   http://bugreport.java.com/bugreport/crash.jsp
#

---------------  T H R E A D  ---------------

Current thread (0x27e06c00):  VMThread [stack: 0x00c30000,0x00c80000] [id=3948]

Stack: [0x00c30000,0x00c80000],  sp=0x00c7ec24,  free space=315k
Native frames: (J=compiled Java code, j=interpreted, Vv=VM code, C=native code)
V  [jvm.dll+0x191db4]
V  [jvm.dll+0x18b3f5]
V  [jvm.dll+0x141bce]
V  [jvm.dll+0x142312]
V  [jvm.dll+0x206ebe]
V  [jvm.dll+0x1426ee]
V  [jvm.dll+0x18bd7f]
V  [jvm.dll+0x18c104]
V  [jvm.dll+0x18c2ca]
V  [jvm.dll+0x18c316]
V  [jvm.dll+0x9ccce]
V  [jvm.dll+0x9d554]
V  [jvm.dll+0x9e299]
V  [jvm.dll+0x9f22c]
V  [jvm.dll+0x9f3c2]
V  [jvm.dll+0x731ff]
V  [jvm.dll+0x73570]
V  [jvm.dll+0x738dc]
V  [jvm.dll+0x9fab7]
V  [jvm.dll+0xb8caa]
V  [jvm.dll+0x164f3f]
V  [jvm.dll+0x1127f5]
V  [jvm.dll+0x16958b]
V  [jvm.dll+0x168941]
V  [jvm.dll+0x168d57]
V  [jvm.dll+0x168f52]
V  [jvm.dll+0x1a8d99]
C  [msvcr100.dll+0x5c556]
C  [msvcr100.dll+0x5c600]
C  [kernel32.dll+0x4ee6c]
C  [ntdll.dll+0x63a03]
C  [ntdll.dll+0x639d6]

VM_Operation (0x283af5bc): GetOrSetLocal, mode: safepoint, requested by thread 0x27e5b800


---------------  P R O C E S S  ---------------

Java Threads: ( => current thread )
  0x29209000 JavaThread "22365340@qtp-31471317-29" [_thread_blocked, id=3616, stack(0x2a660000,0x2a6b0000)]
  0x29208c00 JavaThread "18238417@qtp-31471317-28" [_thread_blocked, id=5040, stack(0x2a9a0000,0x2a9f0000)]
  0x29e02c00 JavaThread "11782790@qtp-31471317-27" [_thread_blocked, id=2792, stack(0x2a8e0000,0x2a930000)]
  0x29e03800 JavaThread "30416484@qtp-31471317-25" [_thread_blocked, id=4120, stack(0x00ee0000,0x00f30000)]
  0x29e05000 JavaThread "14439027@qtp-31471317-24" [_thread_blocked, id=4016, stack(0x2a6e0000,0x2a730000)]
  0x29e04400 JavaThread "Thread-14" daemon [_thread_blocked, id=2800, stack(0x2ac50000,0x2aca0000)]
  0x29e04000 JavaThread "Thread-13" daemon [_thread_blocked, id=4388, stack(0x28650000,0x286a0000)]
  0x298e8000 JavaThread "Abandoned connection cleanup thread" daemon [_thread_blocked, id=960, stack(0x2a7b0000,0x2a800000)]
  0x2976b400 JavaThread "Timer-0" daemon [_thread_blocked, id=4784, stack(0x28c00000,0x28c50000)]
  0x28f5fc00 JavaThread "5271628@qtp-31471317-1 - Acceptor0 SelectChannelConnector@127.0.0.1:8888" [_thread_in_native, id=1584, stack(0x28600000,0x28650000)]
  0x288d8800 JavaThread "Service Thread" daemon [_thread_blocked, id=5760, stack(0x28c70000,0x28cc0000)]
  0x2890e800 JavaThread "C1 CompilerThread0" daemon [_thread_blocked, id=4332, stack(0x03ca0000,0x03cf0000)]
  0x27e73c00 JavaThread "JDWP Command Reader" daemon [_thread_in_native, id=4500, stack(0x28720000,0x28770000)]
  0x27e67c00 JavaThread "JDWP Event Helper Thread" daemon [_thread_blocked, id=5032, stack(0x28480000,0x284d0000)]
  0x27e5b800 JavaThread "JDWP Transport Listener: dt_socket" daemon [_thread_blocked, id=5668, stack(0x28360000,0x283b0000)]
  0x27e41c00 JavaThread "Attach Listener" daemon [_thread_blocked, id=1212, stack(0x03d80000,0x03dd0000)]
  0x27e40c00 JavaThread "Signal Dispatcher" daemon [_thread_blocked, id=5888, stack(0x28000000,0x28050000)]
  0x27e0c800 JavaThread "Finalizer" daemon [_thread_blocked, id=204, stack(0x03d00000,0x03d50000)]
  0x27e0b000 JavaThread "Reference Handler" daemon [_thread_blocked, id=5312, stack(0x00f40000,0x00f90000)]
  0x00502000 JavaThread "main" [_thread_blocked, id=6044, stack(0x009a0000,0x009f0000)]

Other Threads:
=>0x27e06c00 VMThread [stack: 0x00c30000,0x00c80000] [id=3948]
  0x28925c00 WatcherThread [stack: 0x28ce0000,0x28d30000] [id=5424]

VM state:at safepoint (normal execution)

VM Mutex/Monitor currently owned by a thread:  ([mutex/lock_event])
[0x0060dfb0] Threads_lock - owner thread: 0x27e06c00

Heap
 def new generation   total 20864K, used 12043K [0x03e00000, 0x054a0000, 0x0e8a0000)
  eden space 18560K,  62% used [0x03e00000, 0x04955838, 0x05020000)
  from space 2304K,  19% used [0x05260000, 0x052cd728, 0x054a0000)
  to   space 2304K,   0% used [0x05020000, 0x05020000, 0x05260000)
 tenured generation   total 46280K, used 33718K [0x0e8a0000, 0x115d2000, 0x23e00000)
   the space 46280K,  72% used [0x0e8a0000, 0x1098dba0, 0x1098dc00, 0x115d2000)
 compacting perm gen  total 36608K, used 36426K [0x23e00000, 0x261c0000, 0x27e00000)
   the space 36608K,  99% used [0x23e00000, 0x26192be8, 0x26192c00, 0x261c0000)
No shared spaces configured.

Card table byte_map: [0x00c90000,0x00dc0000] byte_map_base: 0x00c71000

Polling page: 0x00250000

Code Cache  [0x01c60000, 0x025f8000, 0x03c60000)
 total_blobs=4091 nmethods=3901 adapters=132 free_code_cache=22974Kb largest_free_block=23519360

Compilation events (10 events):
Event: 6072.943 Thread 0x2890e800 3985             org.eclipse.jdt.internal.compiler.classfmt.MethodInfo::decodeCodeAttribute (147 bytes)
Event: 6072.943 Thread 0x2890e800 nmethod 3985 0x025ef588 code [0x025ef6e0, 0x025efa1c]
Event: 6072.943 Thread 0x2890e800 3986   !         org.eclipse.jdt.internal.compiler.classfmt.ClassFileReader::initialize (148 bytes)
Event: 6072.944 Thread 0x2890e800 nmethod 3986 0x025f0048 code [0x025f01e0, 0x025f05c0]
Event: 6072.944 Thread 0x2890e800 3987             org.eclipse.jdt.internal.compiler.classfmt.MethodInfo::readCodeAttribute (117 bytes)
Event: 6072.944 Thread 0x2890e800 nmethod 3987 0x025f0d08 code [0x025f0e50, 0x025f1140]
Event: 6072.993 Thread 0x2890e800 3988             org.eclipse.jdt.internal.compiler.lookup.LookupEnvironment::getTypeFromSignature (240 bytes)
Event: 6072.993 Thread 0x2890e800 nmethod 3988 0x025f1588 code [0x025f16d0, 0x025f19c0]
Event: 6072.995 Thread 0x2890e800 3989             org.eclipse.jdt.internal.compiler.classfmt.MethodInfo::getGenericSignature (46 bytes)
Event: 6072.995 Thread 0x2890e800 nmethod 3989 0x025f1c08 code [0x025f1d10, 0x025f1e3c]

GC Heap History (10 events):
Event: 6006.095 GC heap before
{Heap before GC invocations=444 (full 7):
 def new generation   total 20864K, used 19073K [0x03e00000, 0x054a0000, 0x0e8a0000)
  eden space 18560K, 100% used [0x03e00000, 0x05020000, 0x05020000)
  from space 2304K,  22% used [0x05020000, 0x050a0798, 0x05260000)
  to   space 2304K,   0% used [0x05260000, 0x05260000, 0x054a0000)
 tenured generation   total 46280K, used 33527K [0x0e8a0000, 0x115d2000, 0x23e00000)
   the space 46280K,  72% used [0x0e8a0000, 0x1095dc98, 0x1095de00, 0x115d2000)
 compacting perm gen  total 36352K, used 36140K [0x23e00000, 0x26180000, 0x27e00000)
   the space 36352K,  99% used [0x23e00000, 0x2614b2e8, 0x2614b400, 0x26180000)
No shared spaces configured.
Event: 6006.098 GC heap after
Heap after GC invocations=445 (full 7):
 def new generation   total 20864K, used 474K [0x03e00000, 0x054a0000, 0x0e8a0000)
  eden space 18560K,   0% used [0x03e00000, 0x03e00000, 0x05020000)
  from space 2304K,  20% used [0x05260000, 0x052d6a10, 0x054a0000)
  to   space 2304K,   0% used [0x05020000, 0x05020000, 0x05260000)
 tenured generation   total 46280K, used 33566K [0x0e8a0000, 0x115d2000, 0x23e00000)
   the space 46280K,  72% used [0x0e8a0000, 0x10967bc0, 0x10967c00, 0x115d2000)
 compacting perm gen  total 36352K, used 36140K [0x23e00000, 0x26180000, 0x27e00000)
   the space 36352K,  99% used [0x23e00000, 0x2614b2e8, 0x2614b400, 0x26180000)
No shared spaces configured.
}
Event: 6006.400 GC heap before
{Heap before GC invocations=445 (full 7):
 def new generation   total 20864K, used 19034K [0x03e00000, 0x054a0000, 0x0e8a0000)
  eden space 18560K, 100% used [0x03e00000, 0x05020000, 0x05020000)
  from space 2304K,  20% used [0x05260000, 0x052d6a10, 0x054a0000)
  to   space 2304K,   0% used [0x05020000, 0x05020000, 0x05260000)
 tenured generation   total 46280K, used 33566K [0x0e8a0000, 0x115d2000, 0x23e00000)
   the space 46280K,  72% used [0x0e8a0000, 0x10967bc0, 0x10967c00, 0x115d2000)
 compacting perm gen  total 36352K, used 36140K [0x23e00000, 0x26180000, 0x27e00000)
   the space 36352K,  99% used [0x23e00000, 0x2614b2e8, 0x2614b400, 0x26180000)
No shared spaces configured.
Event: 6006.402 GC heap after
Heap after GC invocations=446 (full 7):
 def new generation   total 20864K, used 434K [0x03e00000, 0x054a0000, 0x0e8a0000)
  eden space 18560K,   0% used [0x03e00000, 0x03e00000, 0x05020000)
  from space 2304K,  18% used [0x05020000, 0x0508c840, 0x05260000)
  to   space 2304K,   0% used [0x05260000, 0x05260000, 0x054a0000)
 tenured generation   total 46280K, used 33606K [0x0e8a0000, 0x115d2000, 0x23e00000)
   the space 46280K,  72% used [0x0e8a0000, 0x10971b30, 0x10971c00, 0x115d2000)
 compacting perm gen  total 36352K, used 36140K [0x23e00000, 0x26180000, 0x27e00000)
   the space 36352K,  99% used [0x23e00000, 0x2614b2e8, 0x2614b400, 0x26180000)
No shared spaces configured.
}
Event: 6006.751 GC heap before
{Heap before GC invocations=446 (full 7):
 def new generation   total 20864K, used 18994K [0x03e00000, 0x054a0000, 0x0e8a0000)
  eden space 18560K, 100% used [0x03e00000, 0x05020000, 0x05020000)
  from space 2304K,  18% used [0x05020000, 0x0508c840, 0x05260000)
  to   space 2304K,   0% used [0x05260000, 0x05260000, 0x054a0000)
 tenured generation   total 46280K, used 33606K [0x0e8a0000, 0x115d2000, 0x23e00000)
   the space 46280K,  72% used [0x0e8a0000, 0x10971b30, 0x10971c00, 0x115d2000)
 compacting perm gen  total 36352K, used 36140K [0x23e00000, 0x26180000, 0x27e00000)
   the space 36352K,  99% used [0x23e00000, 0x2614b2e8, 0x2614b400, 0x26180000)
No shared spaces configured.
Event: 6006.753 GC heap after
Heap after GC invocations=447 (full 7):
 def new generation   total 20864K, used 394K [0x03e00000, 0x054a0000, 0x0e8a0000)
  eden space 18560K,   0% used [0x03e00000, 0x03e00000, 0x05020000)
  from space 2304K,  17% used [0x05260000, 0x052c28a8, 0x054a0000)
  to   space 2304K,   0% used [0x05020000, 0x05020000, 0x05260000)
 tenured generation   total 46280K, used 33646K [0x0e8a0000, 0x115d2000, 0x23e00000)
   the space 46280K,  72% used [0x0e8a0000, 0x1097ba88, 0x1097bc00, 0x115d2000)
 compacting perm gen  total 36352K, used 36140K [0x23e00000, 0x26180000, 0x27e00000)
   the space 36352K,  99% used [0x23e00000, 0x2614b2e8, 0x2614b400, 0x26180000)
No shared spaces configured.
}
Event: 6007.076 GC heap before
{Heap before GC invocations=447 (full 7):
 def new generation   total 20864K, used 18954K [0x03e00000, 0x054a0000, 0x0e8a0000)
  eden space 18560K, 100% used [0x03e00000, 0x05020000, 0x05020000)
  from space 2304K,  17% used [0x05260000, 0x052c28a8, 0x054a0000)
  to   space 2304K,   0% used [0x05020000, 0x05020000, 0x05260000)
 tenured generation   total 46280K, used 33646K [0x0e8a0000, 0x115d2000, 0x23e00000)
   the space 46280K,  72% used [0x0e8a0000, 0x1097ba88, 0x1097bc00, 0x115d2000)
 compacting perm gen  total 36352K, used 36140K [0x23e00000, 0x26180000, 0x27e00000)
   the space 36352K,  99% used [0x23e00000, 0x2614b2e8, 0x2614b400, 0x26180000)
No shared spaces configured.
Event: 6007.079 GC heap after
Heap after GC invocations=448 (full 7):
 def new generation   total 20864K, used 353K [0x03e00000, 0x054a0000, 0x0e8a0000)
  eden space 18560K,   0% used [0x03e00000, 0x03e00000, 0x05020000)
  from space 2304K,  15% used [0x05020000, 0x050786d0, 0x05260000)
  to   space 2304K,   0% used [0x05260000, 0x05260000, 0x054a0000)
 tenured generation   total 46280K, used 33686K [0x0e8a0000, 0x115d2000, 0x23e00000)
   the space 46280K,  72% used [0x0e8a0000, 0x10985a40, 0x10985c00, 0x115d2000)
 compacting perm gen  total 36352K, used 36140K [0x23e00000, 0x26180000, 0x27e00000)
   the space 36352K,  99% used [0x23e00000, 0x2614b2e8, 0x2614b400, 0x26180000)
No shared spaces configured.
}
Event: 6039.179 GC heap before
{Heap before GC invocations=448 (full 7):
 def new generation   total 20864K, used 18913K [0x03e00000, 0x054a0000, 0x0e8a0000)
  eden space 18560K, 100% used [0x03e00000, 0x05020000, 0x05020000)
  from space 2304K,  15% used [0x05020000, 0x050786d0, 0x05260000)
  to   space 2304K,   0% used [0x05260000, 0x05260000, 0x054a0000)
 tenured generation   total 46280K, used 33686K [0x0e8a0000, 0x115d2000, 0x23e00000)
   the space 46280K,  72% used [0x0e8a0000, 0x10985a40, 0x10985c00, 0x115d2000)
 compacting perm gen  total 36352K, used 36160K [0x23e00000, 0x26180000, 0x27e00000)
   the space 36352K,  99% used [0x23e00000, 0x261500b0, 0x26150200, 0x26180000)
No shared spaces configured.
Event: 6039.192 GC heap after
Heap after GC invocations=449 (full 7):
 def new generation   total 20864K, used 437K [0x03e00000, 0x054a0000, 0x0e8a0000)
  eden space 18560K,   0% used [0x03e00000, 0x03e00000, 0x05020000)
  from space 2304K,  19% used [0x05260000, 0x052cd728, 0x054a0000)
  to   space 2304K,   0% used [0x05020000, 0x05020000, 0x05260000)
 tenured generation   total 46280K, used 33718K [0x0e8a0000, 0x115d2000, 0x23e00000)
   the space 46280K,  72% used [0x0e8a0000, 0x1098dba0, 0x1098dc00, 0x115d2000)
 compacting perm gen  total 36352K, used 36160K [0x23e00000, 0x26180000, 0x27e00000)
   the space 36352K,  99% used [0x23e00000, 0x261500b0, 0x26150200, 0x26180000)
No shared spaces configured.
}

Deoptimization events (0 events):
No events

Internal exceptions (10 events):
Event: 4469.190 Thread 0x29e02400 Threw 0x04724ee0 at C:\re\jdk7u79\2331\hotspot\src\share\vm\prims\jni.cpp:717
Event: 4507.878 Thread 0x29e04c00 Threw 0x04741528 at C:\re\jdk7u79\2331\hotspot\src\share\vm\interpreter\linkResolver.cpp:892
Event: 6007.234 Thread 0x29e04c00 Threw 0x044f7c38 at C:\re\jdk7u79\2331\hotspot\src\share\vm\prims\jni.cpp:717
Event: 6007.234 Thread 0x29e04c00 Threw 0x044fabf0 at C:\re\jdk7u79\2331\hotspot\src\share\vm\prims\jni.cpp:717
Event: 6007.245 Thread 0x29e04c00 Threw 0x0456a428 at C:\re\jdk7u79\2331\hotspot\src\share\vm\prims\jni.cpp:717
Event: 6008.083 Thread 0x29e04000 Threw 0x0465b0e0 at C:\re\jdk7u79\2331\hotspot\src\share\vm\prims\jni.cpp:1632
Event: 6039.375 Thread 0x29e04c00 Threw 0x03e78308 at C:\re\jdk7u79\2331\hotspot\src\share\vm\prims\jni.cpp:717
Event: 6039.399 Thread 0x29e04c00 Threw 0x03f21c20 at C:\re\jdk7u79\2331\hotspot\src\share\vm\prims\jni.cpp:717
Event: 6039.399 Thread 0x29e04c00 Threw 0x03f24c30 at C:\re\jdk7u79\2331\hotspot\src\share\vm\prims\jni.cpp:717
Event: 6072.724 Thread 0x29208c00 Threw 0x042367f0 at C:\re\jdk7u79\2331\hotspot\src\share\vm\runtime\sharedRuntime.cpp:591

Events (10 events):
Event: 6146.116 Executing VM operation: ChangeBreakpoints done
Event: 6146.117 Executing VM operation: EnterInterpOnlyMode
Event: 6146.117 Executing VM operation: EnterInterpOnlyMode done
Event: 6146.117 Executing VM operation: GetCurrentLocation
Event: 6146.117 Executing VM operation: GetCurrentLocation done
Event: 6146.117 Executing VM operation: ChangeSingleStep
Event: 6146.117 Executing VM operation: ChangeSingleStep done
Event: 6146.117 Executing VM operation: ChangeSingleStep
Event: 6146.117 Executing VM operation: ChangeSingleStep done
Event: 6146.189 Executing VM operation: GetOrSetLocal


Dynamic libraries:
0x01030000 - 0x0105f000 	C:\Program Files\Java\jdk1.7.0_79\bin\javaw.exe
0x778a0000 - 0x779e1000 	C:\Windows\SYSTEM32\ntdll.dll
0x75590000 - 0x75664000 	C:\Windows\system32\kernel32.dll
0x74bc0000 - 0x74c0b000 	C:\Windows\system32\KERNELBASE.dll
0x75670000 - 0x75711000 	C:\Windows\system32\ADVAPI32.dll
0x75d00000 - 0x75dac000 	C:\Windows\system32\msvcrt.dll
0x74d60000 - 0x74d79000 	C:\Windows\SYSTEM32\sechost.dll
0x75220000 - 0x752c2000 	C:\Windows\system32\RPCRT4.dll
0x75430000 - 0x754f9000 	C:\Windows\system32\USER32.dll
0x75190000 - 0x751de000 	C:\Windows\system32\GDI32.dll
0x751e0000 - 0x751ea000 	C:\Windows\system32\LPK.dll
0x752d0000 - 0x7536d000 	C:\Windows\system32\USP10.dll
0x738f0000 - 0x73a8e000 	C:\Windows\WinSxS\x86_microsoft.windows.common-controls_6595b64144ccf1df_6.0.7601.18837_none_41e855142bd5705d\COMCTL32.dll
0x76ad0000 - 0x76b27000 	C:\Windows\system32\SHLWAPI.dll
0x76b30000 - 0x76b4f000 	C:\Windows\system32\IMM32.DLL
0x76a00000 - 0x76acc000 	C:\Windows\system32\MSCTF.dll
0x6ba60000 - 0x6bb1f000 	C:\Program Files\Java\jdk1.7.0_79\jre\bin\msvcr100.dll
0x57800000 - 0x57b89000 	C:\Program Files\Java\jdk1.7.0_79\jre\bin\client\jvm.dll
0x6c470000 - 0x6c477000 	C:\Windows\system32\WSOCK32.dll
0x753f0000 - 0x75425000 	C:\Windows\system32\WS2_32.dll
0x74f70000 - 0x74f76000 	C:\Windows\system32\NSI.dll
0x73030000 - 0x73062000 	C:\Windows\system32\WINMM.dll
0x75720000 - 0x75725000 	C:\Windows\system32\PSAPI.DLL
0x71fa0000 - 0x71fac000 	C:\Program Files\Java\jdk1.7.0_79\jre\bin\verify.dll
0x63be0000 - 0x63c00000 	C:\Program Files\Java\jdk1.7.0_79\jre\bin\java.dll
0x72110000 - 0x7213a000 	C:\Program Files\Java\jdk1.7.0_79\jre\bin\jdwp.dll
0x72100000 - 0x72107000 	C:\Program Files\Java\jdk1.7.0_79\jre\bin\npt.dll
0x720e0000 - 0x72100000 	C:\Program Files\Java\jdk1.7.0_79\jre\bin\instrument.dll
0x63c00000 - 0x63c13000 	C:\Program Files\Java\jdk1.7.0_79\jre\bin\zip.dll
0x72c80000 - 0x72c88000 	C:\Program Files\Java\jdk1.7.0_79\jre\bin\dt_socket.dll
0x73330000 - 0x73340000 	C:\Windows\system32\NLAapi.dll
0x6cf80000 - 0x6cf90000 	C:\Windows\system32\napinsp.dll
0x6cdf0000 - 0x6ce02000 	C:\Windows\system32\pnrpnsp.dll
0x74390000 - 0x743cc000 	C:\Windows\System32\mswsock.dll
0x74260000 - 0x742a4000 	C:\Windows\system32\DNSAPI.dll
0x6cde0000 - 0x6cde8000 	C:\Windows\System32\winrnr.dll
0x72a80000 - 0x72a9c000 	C:\Windows\system32\IPHLPAPI.DLL
0x72a30000 - 0x72a37000 	C:\Windows\system32\WINNSI.DLL
0x72430000 - 0x72468000 	C:\Windows\System32\fwpuclnt.dll
0x6cfb0000 - 0x6cfb6000 	C:\Windows\system32\rasadhlp.dll
0x73f50000 - 0x73f72000 	C:\Windows\AxiomLsp.dll
0x75db0000 - 0x769fb000 	C:\Windows\system32\SHELL32.dll
0x73ee0000 - 0x73f49000 	C:\Windows\system32\MSVCP100.dll
0x75b10000 - 0x75c6c000 	C:\Windows\system32\ole32.dll
0x74a30000 - 0x74a3b000 	C:\Windows\system32\profapi.dll
0x73e00000 - 0x73e05000 	C:\Windows\System32\wshtcpip.dll
0x63ba0000 - 0x63bb4000 	C:\Program Files\Java\jdk1.7.0_79\jre\bin\net.dll
0x74500000 - 0x74506000 	C:\Windows\System32\wship6.dll
0x71fb0000 - 0x71fbf000 	C:\Program Files\Java\jdk1.7.0_79\jre\bin\nio.dll
0x63640000 - 0x63660000 	C:\Program Files\Java\jdk1.7.0_79\jre\bin\sunec.dll
0x66330000 - 0x66339000 	C:\Program Files\Java\jdk1.7.0_79\jre\bin\sunmscapi.dll
0x74a50000 - 0x74b71000 	C:\Windows\system32\CRYPT32.dll
0x74a40000 - 0x74a4c000 	C:\Windows\system32\MSASN1.dll
0x74510000 - 0x74527000 	C:\Windows\system32\CRYPTSP.dll
0x74180000 - 0x741bb000 	C:\Windows\system32\rsaenh.dll
0x74b80000 - 0x74b97000 	C:\Windows\system32\USERENV.dll
0x74950000 - 0x7495c000 	C:\Windows\system32\CRYPTBASE.dll
0x72700000 - 0x7270d000 	C:\Windows\system32\dhcpcsvc6.DLL
0x726e0000 - 0x726f2000 	C:\Windows\system32\dhcpcsvc.DLL
0x6ce80000 - 0x6cf6b000 	C:\Windows\system32\dbghelp.dll

VM Arguments:
jvm_args: -agentlib:jdwp=transport=dt_socket,suspend=y,address=localhost:64497 -javaagent:C:\Users\Jim\eclipse\plugins\com.google.appengine.eclipse.sdkbundle_1.9.20\appengine-java-sdk-1.9.20\lib\agent\appengine-agent.jar -Ddatastore.default_high_rep_job_policy_unapplied_job_pct=50 -Xmx512m -Dfile.encoding=Cp1252 
java_command: com.google.appengine.tools.development.DevAppServerMain --port=8888 C:\Users\Jim\ClinicOnTheCloud\war
Launcher Type: SUN_STANDARD

Environment Variables:
JAVA_HOME=C:\Program Files\Java\jdk1.7.0_09
CLASSPATH=.;C:\Program Files\Java\jre7\lib\ext\QTJava.zip
PATH=C:\Program Files\Java\jdk1.7.0_79\jre\bin;C:/Program files/Java/JDK1.7.0_79/bin/../jre/bin/client;C:/Program files/Java/JDK1.7.0_79/bin/../jre/bin;C:/Program files/Java/JDK1.7.0_79/bin/../jre/lib/i386;C:\Program Files\Java\jdk1.7.0_09\bin;C:\ProgramData\Oracle\Java\javapath;C:\Program Files\Java\jdk1.7.0_09\bin;C:\Windows\system32;C:\Windows;C:\Windows\System32\Wbem;C:\Windows\System32\WindowsPowerShell\v1.0\;C:\Program Files\MySQL\MySQL 5.6\bin;C:\Program Files\QuickTime\QTSystem\;C:\Windows\Custom\;C:\Program Files\R\R-2.15.2\bin\i386\;C:\Program Files\Python27\;C:\Program Files\Octave\Octave3.4.3_gcc4.5.2\Octave3.4.3_gcc4.5.2\bin;C:\Program Files\samiam;C:\Program Files\Graphviz2.30\bin;C:\Program Files\Console2;C:\Users\Jim\Desktop\;C:\Users\Jim\Documents\;C:\Program Files\Microsoft SQL Server\100\Tools\Binn\;C:\Program Files\Microsoft SQL Server\100\DTS\Binn\;C:\Program Files\Microsoft SQL Server\100\Tools\Binn\VSShell\Common7\IDE\;C:\Program Files\MiKTeX 2.9\miktex\bin\;C:\Program Files\Graphviz\bin\;C:\Users\Jim\AppData\Local\Enthought\Canopy32\User\Scripts;C:\Program Files\GitExtensions\;C:\Program Files\MATLAB\R2015a\bin;c:\users\jim\appdata\local\enthought\canopy32\user\scripts;C:\Users\Jim\AppData\Local\Enthought\Canopy32\User;C:\Users\Jim\AppData\Local\Enthought\Canopy32\User\Scripts;C:\Program Files\Google\google_appengine\;C:\Users\Jim\eclipse;
USERNAME=Jim
OS=Windows_NT
PROCESSOR_IDENTIFIER=x86 Family 6 Model 23 Stepping 10, GenuineIntel



---------------  S Y S T E M  ---------------

OS: Windows 7 Build 7601 Service Pack 1

CPU:total 2 (2 cores per cpu, 1 threads per core) family 6 model 23 stepping 10, cmov, cx8, fxsr, mmx, sse, sse2, sse3, ssse3, sse4.1, tsc

Memory: 4k page, physical 3406004k(694032k free), swap 6810280k(1749184k free)

vm_info: Java HotSpot(TM) Client VM (24.79-b02) for windows-x86 JRE (1.7.0_79-b15), built on Apr 10 2015 16:49:13 by "java_re" with unknown MS VC++:1600

time: Fri Jul 03 14:58:23 2015
elapsed time: 6146 seconds

